0 info it worked if it ends with ok
1 verbose cli [ '/usr/local/Cellar/node/0.10.33_1/bin/node',
1 verbose cli   '/usr/local/bin/npm',
1 verbose cli   'start' ]
2 info using npm@3.5.2
3 info using node@v4.0.0
4 verbose run-script [ 'prestart', 'start', 'poststart' ]
5 info lifecycle AudioBooks@0.0.1~prestart: AudioBooks@0.0.1
6 silly lifecycle AudioBooks@0.0.1~prestart: no script for prestart, continuing
7 info lifecycle AudioBooks@0.0.1~start: AudioBooks@0.0.1
8 verbose lifecycle AudioBooks@0.0.1~start: unsafe-perm in lifecycle true
9 verbose lifecycle AudioBooks@0.0.1~start: PATH: /usr/local/lib/node_modules/npm/bin/node-gyp-bin:/Users/buddytoups/Documents/nodeProjects/10kapart/node_modules/.bin:/usr/local/Cellar/ant/1.9.4/libexec/bin:/Users/buddytoups/Library/Developer/Xamarin/android-sdk-macosx/tools:/Users/buddytoups/Library/Developer/Xamarin/android-sdk-macosx/platform-tools:/Users/buddytoups/Library/Developer/Xamarin/android-sdk-macosx:/Users/buddytoups/work/cocos2d-x/templates:/Users/buddytoups/work/cocos2d-x/tools/cocos2d-console/bin:/Users/buddytoups/.dnx/runtimes/dnx-mono.1.0.0-rc1-update1/bin:/Applications/Postgres.app/Contents/Versions/9.4/bin:/usr/local/Cellar/dnvm/1.0.0-dev:/usr/local/bin:/Library/Java/JavaVirtualMachines/jdk1.8.0_20.jdk/Contents/Home/bin:/usr/local/bin:/usr/local/bin:/usr/bin:/bin:/usr/sbin:/sbin:/opt/X11/bin:/Users/buddytoups/Library/Developer/Xamarin/android-sdk-macosx/platform-tools:/Users/buddytoups/Library/Developer/Xamarin/android-sdk-macosx/tools
10 verbose lifecycle AudioBooks@0.0.1~start: CWD: /Users/buddytoups/Documents/nodeProjects/10kapart
11 silly lifecycle AudioBooks@0.0.1~start: Args: [ '-c', 'node server.js' ]
12 silly lifecycle AudioBooks@0.0.1~start: Returned: code: 1  signal: null
13 info lifecycle AudioBooks@0.0.1~start: Failed to exec start script
14 verbose stack Error: AudioBooks@0.0.1 start: `node server.js`
14 verbose stack Exit status 1
14 verbose stack     at EventEmitter.<anonymous> (/usr/local/lib/node_modules/npm/lib/utils/lifecycle.js:232:16)
14 verbose stack     at emitTwo (events.js:87:13)
14 verbose stack     at EventEmitter.emit (events.js:172:7)
14 verbose stack     at ChildProcess.<anonymous> (/usr/local/lib/node_modules/npm/lib/utils/spawn.js:24:14)
14 verbose stack     at emitTwo (events.js:87:13)
14 verbose stack     at ChildProcess.emit (events.js:172:7)
14 verbose stack     at maybeClose (internal/child_process.js:817:16)
14 verbose stack     at Process.ChildProcess._handle.onexit (internal/child_process.js:211:5)
15 verbose pkgid AudioBooks@0.0.1
16 verbose cwd /Users/buddytoups/Documents/nodeProjects/10kapart
17 error Darwin 15.4.0
18 error argv "/usr/local/Cellar/node/0.10.33_1/bin/node" "/usr/local/bin/npm" "start"
19 error node v4.0.0
20 error npm  v3.5.2
21 error code ELIFECYCLE
22 error AudioBooks@0.0.1 start: `node server.js`
22 error Exit status 1
23 error Failed at the AudioBooks@0.0.1 start script 'node server.js'.
23 error Make sure you have the latest version of node.js and npm installed.
23 error If you do, this is most likely a problem with the AudioBooks package,
23 error not with npm itself.
23 error Tell the author that this fails on your system:
23 error     node server.js
23 error You can get information on how to open an issue for this project with:
23 error     npm bugs AudioBooks
23 error Or if that isn't available, you can get their info via:
23 error     npm owner ls AudioBooks
23 error There is likely additional logging output above.
24 verbose exit [ 1, true ]
